Using pre-set license
Built from '2023.2/staging' branch; Version is '2023.2.4f1 (accd6d46ced1) revision 11324781'; Using compiler version '193431935'; Build Type 'Release'
OS: 'Windows 11  (10.0.22621) 64bit Core' Language: 'zh' Physical Memory: 16070 MB
BatchMode: 1, IsHumanControllingUs: 0, StartBugReporterOnCrash: 0, Is64bit: 1, IsPro: 1

COMMAND LINE ARGUMENTS:
C:\Program Files\Unity 2023.2.4f1\Editor\Unity.exe
-adb2
-batchMode
-noUpm
-name
AssetImportWorker10
-projectPath
D:/My project
-logFile
Logs/AssetImportWorker10.log
-srvPort
59176
-job-worker-count
9
-background-job-worker-count
8
-asset-garbage-collectors
1
Successfully changed project path to: D:/My project
D:/My project
[UnityMemory] Configuration Parameters - Can be set up in boot.config
    "memorysetup-bucket-allocator-granularity=16"
    "memorysetup-bucket-allocator-bucket-count=8"
    "memorysetup-bucket-allocator-block-size=33554432"
    "memorysetup-bucket-allocator-block-count=8"
    "memorysetup-main-allocator-block-size=16777216"
    "memorysetup-thread-allocator-block-size=16777216"
    "memorysetup-gfx-main-allocator-block-size=16777216"
    "memorysetup-gfx-thread-allocator-block-size=16777216"
    "memorysetup-cache-allocator-block-size=4194304"
    "memorysetup-typetree-allocator-block-size=2097152"
    "memorysetup-profiler-bucket-allocator-granularity=16"
    "memorysetup-profiler-bucket-allocator-bucket-count=8"
    "memorysetup-profiler-bucket-allocator-block-size=33554432"
    "memorysetup-profiler-bucket-allocator-block-count=8"
    "memorysetup-profiler-allocator-block-size=16777216"
    "memorysetup-profiler-editor-allocator-block-size=1048576"
    "memorysetup-temp-allocator-size-main=16777216"
    "memorysetup-job-temp-allocator-block-size=2097152"
    "memorysetup-job-temp-allocator-block-size-background=1048576"
    "memorysetup-job-temp-allocator-reduction-small-platforms=262144"
    "memorysetup-allocator-temp-initial-block-size-main=262144"
    "memorysetup-allocator-temp-initial-block-size-worker=262144"
    "memorysetup-temp-allocator-size-background-worker=32768"
    "memorysetup-temp-allocator-size-job-worker=262144"
    "memorysetup-temp-allocator-size-preload-manager=33554432"
    "memorysetup-temp-allocator-size-nav-mesh-worker=65536"
    "memorysetup-temp-allocator-size-audio-worker=65536"
    "memorysetup-temp-allocator-size-cloud-worker=32768"
    "memorysetup-temp-allocator-size-gi-baking-worker=262144"
    "memorysetup-temp-allocator-size-gi-baking-worker=262144"
    "memorysetup-temp-allocator-size-gi-baking-worker=262144"
    "memorysetup-temp-allocator-size-gi-baking-worker=262144"
    "memorysetup-temp-allocator-size-gfx=262144"
Player connection [3740] Host "[IP] 10.24.34.10 [Port] 0 [Flags] 2 [Guid] 3243905209 [EditorId] 3243905209 [Version] 1048832 [Id] WindowsEditor(7,sxy) [Debug] 1 [PackageName] WindowsEditor [ProjectName] Editor" joined multi-casting on [225.0.0.222:54997]...
Player connection [3740] Host "[IP] 10.24.34.10 [Port] 0 [Flags] 2 [Guid] 3243905209 [EditorId] 3243905209 [Version] 1048832 [Id] WindowsEditor(7,sxy) [Debug] 1 [PackageName] WindowsEditor [ProjectName] Editor" joined alternative multi-casting on [225.0.0.222:34997]...
JobSystem: Creating JobQueue using job-worker-count value 9
[Physics::Module] Initialized MultithreadedJobDispatcher with 9 workers.
Library Redirect Path: Library/
Refreshing native plugins compatible for Editor in 5.33 ms, found 4 plugins.
Preloading 0 native plugins for Editor in 0.00 ms.
Initialize engine version: 2023.2.4f1 (accd6d46ced1)
[Subsystems] Discovering subsystems at path C:/Program Files/Unity 2023.2.4f1/Editor/Data/Resources/UnitySubsystems
[Subsystems] Discovering subsystems at path D:/My project/Assets
GfxDevice: creating device client; kGfxThreadingModeNonThreaded
Direct3D:
    Version:  Direct3D 11.0 [level 11.1]
    Renderer: NVIDIA GeForce RTX 4050 Laptop GPU (ID=0x28a1)
    Vendor:   NVIDIA
    VRAM:     5935 MB
    Driver:   31.0.15.2758
Initialize mono
Mono path[0] = 'C:/Program Files/Unity 2023.2.4f1/Editor/Data/Managed'
Mono path[1] = 'C:/Program Files/Unity 2023.2.4f1/Editor/Data/MonoBleedingEdge/lib/mono/unityjit-win32'
Mono config path = 'C:/Program Files/Unity 2023.2.4f1/Editor/Data/MonoBleedingEdge/etc'
Using monoOptions --debugger-agent=transport=dt_socket,embedding=1,server=y,suspend=n,address=127.0.0.1:56816
Begin MonoManager ReloadAssembly
C:\build\output\Unity-Technologies\mono\mono\metadata\icall.c:1842:
C:\build\output\Unity-Technologies\mono\mono\metadata\icall.c:1842:
C:\build\output\Unity-Technologies\mono\mono\metadata\icall.c:1842:
C:\build\output\Unity-Technologies\mono\mono\metadata\icall.c:1842:
C:\build\output\Unity-Technologies\mono\mono\metadata\icall.c:1842:
C:\build\output\Unity-Technologies\mono\mono\metadata\icall.c:1842:
C:\build\output\Unity-Technologies\mono\mono\metadata\icall.c:1842:
C:\build\output\Unity-Technologies\mono\mono\metadata\icall.c:1842:
C:\build\output\Unity-Technologies\mono\mono\metadata\icall.c:1842:
C:\build\output\Unity-Technologies\mono\mono\metadata\icall.c:1842:
Registering precompiled unity dll's ...
Register platform support module: C:/Program Files/Unity 2023.2.4f1/Editor/Data/PlaybackEngines/WindowsStandaloneSupport/UnityEditor.WindowsStandalone.Extensions.dll
Registered in 0.003261 seconds.
- Loaded All Assemblies, in  0.925 seconds
Native extension for WindowsStandalone target not found
Mono: successfully reloaded assembly
C:\build\output\Unity-Technologies\mono\mono\metadata\icall.c:1842:
C:\build\output\Unity-Technologies\mono\mono\metadata\icall.c:1842:
- Finished resetting the current domain, in  0.462 seconds
Domain Reload Profiling: 1385ms
	BeginReloadAssembly (415ms)
		ExecutionOrderSort (0ms)
		DisableScriptedObjects (0ms)
		BackupInstance (0ms)
		ReleaseScriptingObjects (0ms)
		CreateAndSetChildDomain (2ms)
	RebuildCommonClasses (84ms)
	RebuildNativeTypeToScriptingClass (19ms)
	initialDomainReloadingComplete (79ms)
	LoadAllAssembliesAndSetupDomain (326ms)
		LoadAssemblies (412ms)
		RebuildTransferFunctionScriptingTraits (0ms)
		AnalyzeDomain (319ms)
			TypeCache.Refresh (316ms)
				TypeCache.ScanAssembly (281ms)
			BuildScriptInfoCaches (0ms)
			ResolveRequiredComponents (2ms)
	FinalizeReload (463ms)
		ReleaseScriptCaches (0ms)
		RebuildScriptCaches (0ms)
		SetupLoadedEditorAssemblies (394ms)
			LogAssemblyErrors (0ms)
			InitializePlatformSupportModulesInManaged (12ms)
			SetLoadedEditorAssemblies (8ms)
			BeforeProcessingInitializeOnLoad (10ms)
			ProcessInitializeOnLoadAttributes (306ms)
			ProcessInitializeOnLoadMethodAttributes (59ms)
			AfterProcessingInitializeOnLoad (0ms)
			EditorAssembliesLoaded (0ms)
		ExecutionOrderSort2 (0ms)
		AwakeInstancesAfterBackupRestoration (0ms)
========================================================================
Worker process is ready to serve import requests
Import Worker Mode flag is 0x00
Begin MonoManager ReloadAssembly
C:\build\output\Unity-Technologies\mono\mono\metadata\icall.c:1842:
C:\build\output\Unity-Technologies\mono\mono\metadata\icall.c:1842:
C:\build\output\Unity-Technologies\mono\mono\metadata\icall.c:1842:
C:\build\output\Unity-Technologies\mono\mono\metadata\icall.c:1842:
C:\build\output\Unity-Technologies\mono\mono\metadata\icall.c:1842:
C:\build\output\Unity-Technologies\mono\mono\metadata\icall.c:1842:
C:\build\output\Unity-Technologies\mono\mono\metadata\icall.c:1842:
C:\build\output\Unity-Technologies\mono\mono\metadata\icall.c:1842:
C:\build\output\Unity-Technologies\mono\mono\metadata\icall.c:1842:
C:\build\output\Unity-Technologies\mono\mono\metadata\icall.c:1842:
C:\build\output\Unity-Technologies\mono\mono\metadata\icall.c:1842:
C:\build\output\Unity-Technologies\mono\mono\metadata\icall.c:1842:
Symbol file LoadedFromMemory doesn't match image D:\My project\Library\PackageCache\com.unity.visualscripting@1.8.0\Editor\VisualScripting.Core\Dependencies\YamlDotNet\Unity.VisualScripting.YamlDotNet.dll
Symbol file LoadedFromMemory doesn't match image D:\My project\Library\PackageCache\com.unity.visualscripting@1.8.0\Editor\VisualScripting.Core\Dependencies\DotNetZip\Unity.VisualScripting.IonicZip.dll
Symbol file LoadedFromMemory is not a mono symbol file
- Loaded All Assemblies, in  1.520 seconds
Refreshing native plugins compatible for Editor in 3.31 ms, found 4 plugins.
Native extension for WindowsStandalone target not found
Mono: successfully reloaded assembly
- Finished resetting the current domain, in  1.011 seconds
Domain Reload Profiling: 2529ms
	BeginReloadAssembly (585ms)
		ExecutionOrderSort (0ms)
		DisableScriptedObjects (6ms)
		BackupInstance (0ms)
		ReleaseScriptingObjects (0ms)
		CreateAndSetChildDomain (33ms)
	RebuildCommonClasses (47ms)
	RebuildNativeTypeToScriptingClass (16ms)
	initialDomainReloadingComplete (51ms)
	LoadAllAssembliesAndSetupDomain (819ms)
		LoadAssemblies (623ms)
		RebuildTransferFunctionScriptingTraits (0ms)
		AnalyzeDomain (325ms)
			TypeCache.Refresh (276ms)
				TypeCache.ScanAssembly (246ms)
			BuildScriptInfoCaches (41ms)
			ResolveRequiredComponents (5ms)
	FinalizeReload (1012ms)
		ReleaseScriptCaches (0ms)
		RebuildScriptCaches (0ms)
		SetupLoadedEditorAssemblies (747ms)
			LogAssemblyErrors (0ms)
			InitializePlatformSupportModulesInManaged (3ms)
			SetLoadedEditorAssemblies (6ms)
			BeforeProcessingInitializeOnLoad (56ms)
			ProcessInitializeOnLoadAttributes (447ms)
			ProcessInitializeOnLoadMethodAttributes (229ms)
			AfterProcessingInitializeOnLoad (5ms)
			EditorAssembliesLoaded (0ms)
		ExecutionOrderSort2 (0ms)
		AwakeInstancesAfterBackupRestoration (10ms)
Launched and connected shader compiler UnityShaderCompiler.exe after 0.01 seconds
Refreshing native plugins compatible for Editor in 3.11 ms, found 4 plugins.
Preloading 0 native plugins for Editor in 0.00 ms.
Unloading 24 Unused Serialized files (Serialized files now loaded: 0)
Unloading 4331 unused Assets / (1.1 MB). Loaded Objects now: 4873.
Memory consumption went from 127.6 MB to 126.5 MB.
Total: 12.059200 ms (FindLiveObjects: 0.423400 ms CreateObjectMapping: 0.346100 ms MarkObjects: 9.788000 ms  DeleteObjects: 1.500100 ms)

========================================================================
Received Import Request.
  Time since last request: 221655.652505 seconds.
  path: Assets/_ChompMan-PM/Textures/LUT/LUTs_SDF_Fuji239.png
  artifactKey: Guid(7c6f9652c0c6d0043acfb7262e2380b0) Importer(815301076,1909f56bfc062723c751e8b465ee728b)
Start importing Assets/_ChompMan-PM/Textures/LUT/LUTs_SDF_Fuji239.png using Guid(7c6f9652c0c6d0043acfb7262e2380b0) Importer(815301076,1909f56bfc062723c751e8b465ee728b) (PreviewImporter) -> (artifact id: '7d847fdb1b68b613a51628afcb8cfd05') in 0.0820475 seconds
Number of updated asset objects reloaded before import = 0Number of asset objects unloaded after import = 2

========================================================================
Received Import Request.
  Time since last request: 0.682696 seconds.
  path: Assets/_ChompMan-PM/Textures/Props/Cherry_Normal.png
  artifactKey: Guid(4861d55769e20844cadf235186a49b15) Importer(815301076,1909f56bfc062723c751e8b465ee728b)
Start importing Assets/_ChompMan-PM/Textures/Props/Cherry_Normal.png using Guid(4861d55769e20844cadf235186a49b15) Importer(815301076,1909f56bfc062723c751e8b465ee728b) (PreviewImporter) -> (artifact id: '308b9ae16ada87f18cf022bc70f7168b') in 0.0675762 seconds
Number of updated asset objects reloaded before import = 0Number of asset objects unloaded after import = 2

========================================================================
Received Import Request.
  Time since last request: 0.745491 seconds.
  path: Assets/_ChompMan-PM/Textures/UI/ChompMan_TitleScreenFrame.png
  artifactKey: Guid(a60c3054a2976f247aba59b2ca22bd07) Importer(815301076,1909f56bfc062723c751e8b465ee728b)
Start importing Assets/_ChompMan-PM/Textures/UI/ChompMan_TitleScreenFrame.png using Guid(a60c3054a2976f247aba59b2ca22bd07) Importer(815301076,1909f56bfc062723c751e8b465ee728b) (PreviewImporter) -> (artifact id: 'ac9529d5b8b5c1d729e7c847db6d1727') in 0.0417042 seconds
Number of updated asset objects reloaded before import = 0Number of asset objects unloaded after import = 2

========================================================================
Received Import Request.
  Time since last request: 9.599341 seconds.
  path: Assets/_ChompMan-PM/Prefabs/Enviornment/Maze_ModularMesh/Stage_ModularMesh_04.prefab
  artifactKey: Guid(c69324585cb268f498aec813b972336c) Importer(815301076,1909f56bfc062723c751e8b465ee728b)
Start importing Assets/_ChompMan-PM/Prefabs/Enviornment/Maze_ModularMesh/Stage_ModularMesh_04.prefab using Guid(c69324585cb268f498aec813b972336c) Importer(815301076,1909f56bfc062723c751e8b465ee728b) (PreviewImporter) -> (artifact id: '18adee949f4ae5c0cd6e9c53e8e6dfdb') in 0.1429093 seconds
Number of updated asset objects reloaded before import = 0Number of asset objects unloaded after import = 14

========================================================================
Received Import Request.
  Time since last request: 0.000031 seconds.
  path: Assets/_ChompMan-PM/Prefabs/Enviornment/Maze_ModularMesh/Stage_ModularMesh_06.prefab
  artifactKey: Guid(71d9237a5c4b29046ae8f163900f6706) Importer(815301076,1909f56bfc062723c751e8b465ee728b)
Start importing Assets/_ChompMan-PM/Prefabs/Enviornment/Maze_ModularMesh/Stage_ModularMesh_06.prefab using Guid(71d9237a5c4b29046ae8f163900f6706) Importer(815301076,1909f56bfc062723c751e8b465ee728b) (PreviewImporter) -> (artifact id: '5e7b37ab32d1fb2bae1102f71966db74') in 0.0215275 seconds
Number of updated asset objects reloaded before import = 0Number of asset objects unloaded after import = 14

========================================================================
Received Import Request.
  Time since last request: 0.000047 seconds.
  path: Assets/_ChompMan-PM/Prefabs/Enviornment/Maze_ModularMesh/Stage_ModularMesh_18.prefab
  artifactKey: Guid(126af22c868f5fb47803e75767d9c25a) Importer(815301076,1909f56bfc062723c751e8b465ee728b)
Start importing Assets/_ChompMan-PM/Prefabs/Enviornment/Maze_ModularMesh/Stage_ModularMesh_18.prefab using Guid(126af22c868f5fb47803e75767d9c25a) Importer(815301076,1909f56bfc062723c751e8b465ee728b) (PreviewImporter) -> (artifact id: '77504ec4a6257584a25fbd0d91081361') in 0.0575853 seconds
Number of updated asset objects reloaded before import = 0Number of asset objects unloaded after import = 14

========================================================================
Received Import Request.
  Time since last request: 0.000024 seconds.
  path: Assets/_ChompMan-PM/Prefabs/Enviornment/Maze_ModularMesh/Stage_ModularMesh_12.prefab
  artifactKey: Guid(5eea77cb514ca474c8b20fbd7690cedc) Importer(815301076,1909f56bfc062723c751e8b465ee728b)
Start importing Assets/_ChompMan-PM/Prefabs/Enviornment/Maze_ModularMesh/Stage_ModularMesh_12.prefab using Guid(5eea77cb514ca474c8b20fbd7690cedc) Importer(815301076,1909f56bfc062723c751e8b465ee728b) (PreviewImporter) -> (artifact id: '053d4d9c81dce07f8c789cded1b7b434') in 0.0265986 seconds
Number of updated asset objects reloaded before import = 0Number of asset objects unloaded after import = 14

========================================================================
Received Import Request.
  Time since last request: 0.000025 seconds.
  path: Assets/_ChompMan-PM/Prefabs/Enviornment/Maze_ModularMesh/Stage_ModularMesh_26.prefab
  artifactKey: Guid(ccb14a8b846fc7941b85f446b0c9a807) Importer(815301076,1909f56bfc062723c751e8b465ee728b)
Start importing Assets/_ChompMan-PM/Prefabs/Enviornment/Maze_ModularMesh/Stage_ModularMesh_26.prefab using Guid(ccb14a8b846fc7941b85f446b0c9a807) Importer(815301076,1909f56bfc062723c751e8b465ee728b) (PreviewImporter) -> (artifact id: '22150a0a9133467cbdd078317b5d4b51') in 0.018318 seconds
Number of updated asset objects reloaded before import = 0Number of asset objects unloaded after import = 14

========================================================================
Received Import Request.
  Time since last request: 150.802371 seconds.
  path: Assets/Plugins/RealtimeCSG/Editor/Resources/Textures/castShadows.png
  artifactKey: Guid(4604c5ed1a18c2f42828e95851873d61) Importer(815301076,1909f56bfc062723c751e8b465ee728b)
Start importing Assets/Plugins/RealtimeCSG/Editor/Resources/Textures/castShadows.png using Guid(4604c5ed1a18c2f42828e95851873d61) Importer(815301076,1909f56bfc062723c751e8b465ee728b) (PreviewImporter) -> (artifact id: '30e7236cad963ce14ddff809014ce660') in 0.0171038 seconds
Number of updated asset objects reloaded before import = 0Number of asset objects unloaded after import = 2

========================================================================
Received Import Request.
  Time since last request: 0.000071 seconds.
  path: Assets/MazeGenerator/Textures/coin_tex.png
  artifactKey: Guid(b7bb56c1945846044ac6a9b06f5332ba) Importer(815301076,1909f56bfc062723c751e8b465ee728b)
Start importing Assets/MazeGenerator/Textures/coin_tex.png using Guid(b7bb56c1945846044ac6a9b06f5332ba) Importer(815301076,1909f56bfc062723c751e8b465ee728b) (PreviewImporter) -> (artifact id: '93fa24eb66ef8fc17f70a43b206447a1') in 0.0245756 seconds
Number of updated asset objects reloaded before import = 0Number of asset objects unloaded after import = 2

========================================================================
Received Import Request.
  Time since last request: 2.245149 seconds.
  path: Assets/Plugins/RealtimeCSG/Editor/Resources/Textures/culled.png
  artifactKey: Guid(f712b5c6642c6a146b8068482e175ac8) Importer(815301076,1909f56bfc062723c751e8b465ee728b)
Start importing Assets/Plugins/RealtimeCSG/Editor/Resources/Textures/culled.png using Guid(f712b5c6642c6a146b8068482e175ac8) Importer(815301076,1909f56bfc062723c751e8b465ee728b) (PreviewImporter) -> (artifact id: '4e593391a976baeb35bdcc0a209d2463') in 0.0263856 seconds
Number of updated asset objects reloaded before import = 0Number of asset objects unloaded after import = 2

========================================================================
Received Import Request.
  Time since last request: 0.000329 seconds.
  path: Assets/Plugins/RealtimeCSG/Editor/Resources/Textures/discarded.png
  artifactKey: Guid(5e06adecec378d549858bdbcf1c0b672) Importer(815301076,1909f56bfc062723c751e8b465ee728b)
Start importing Assets/Plugins/RealtimeCSG/Editor/Resources/Textures/discarded.png using Guid(5e06adecec378d549858bdbcf1c0b672) Importer(815301076,1909f56bfc062723c751e8b465ee728b) (PreviewImporter) -> (artifact id: '9f58684b2de3822becad8a37e9109082') in 0.0141884 seconds
Number of updated asset objects reloaded before import = 0Number of asset objects unloaded after import = 2

========================================================================
Received Import Request.
  Time since last request: 2.040049 seconds.
  path: Assets/Plugins/RealtimeCSG/Editor/Resources/Icons/icon_pers_csg_addition_small.png
  artifactKey: Guid(22369d570c992b0408d43fdb0bceb8ca) Importer(815301076,1909f56bfc062723c751e8b465ee728b)
Start importing Assets/Plugins/RealtimeCSG/Editor/Resources/Icons/icon_pers_csg_addition_small.png using Guid(22369d570c992b0408d43fdb0bceb8ca) Importer(815301076,1909f56bfc062723c751e8b465ee728b) (PreviewImporter) -> (artifact id: '98d7f81e30e1b7377b1a0a0c9aa3bf71') in 0.0210552 seconds
Number of updated asset objects reloaded before import = 0Number of asset objects unloaded after import = 2

========================================================================
Received Import Request.
  Time since last request: 0.106732 seconds.
  path: Assets/Plugins/RealtimeCSG/Editor/Resources/Icons/icon_pers_csg_intersection_small_on.png
  artifactKey: Guid(e501f8d400b87f94c8cf64c731136d27) Importer(815301076,1909f56bfc062723c751e8b465ee728b)
Start importing Assets/Plugins/RealtimeCSG/Editor/Resources/Icons/icon_pers_csg_intersection_small_on.png using Guid(e501f8d400b87f94c8cf64c731136d27) Importer(815301076,1909f56bfc062723c751e8b465ee728b) (PreviewImporter) -> (artifact id: 'cbf183ccd7425ae5dbb1cb2bdc99af99') in 0.012302 seconds
Number of updated asset objects reloaded before import = 0Number of asset objects unloaded after import = 2

========================================================================
Received Import Request.
  Time since last request: 0.000019 seconds.
  path: Assets/Plugins/RealtimeCSG/Editor/Resources/Icons/icon_pers_csg_subtraction_small.png
  artifactKey: Guid(651636a15b6a6654dbc236ff31c33877) Importer(815301076,1909f56bfc062723c751e8b465ee728b)
Start importing Assets/Plugins/RealtimeCSG/Editor/Resources/Icons/icon_pers_csg_subtraction_small.png using Guid(651636a15b6a6654dbc236ff31c33877) Importer(815301076,1909f56bfc062723c751e8b465ee728b) (PreviewImporter) -> (artifact id: '3cbe0e1b6e4f176d97ba0ecbdca2bf18') in 0.006457 seconds
Number of updated asset objects reloaded before import = 0Number of asset objects unloaded after import = 2

========================================================================
Received Import Request.
  Time since last request: 0.074534 seconds.
  path: Assets/Plugins/RealtimeCSG/Editor/Resources/Icons/icon_pers_grid.png
  artifactKey: Guid(0d4b8106326180c4cac106894e0d74ff) Importer(815301076,1909f56bfc062723c751e8b465ee728b)
Start importing Assets/Plugins/RealtimeCSG/Editor/Resources/Icons/icon_pers_grid.png using Guid(0d4b8106326180c4cac106894e0d74ff) Importer(815301076,1909f56bfc062723c751e8b465ee728b) (PreviewImporter) -> (artifact id: '6396ce623dda97118941f14fef9d0793') in 0.0076564 seconds
Number of updated asset objects reloaded before import = 0Number of asset objects unloaded after import = 2

========================================================================
Received Import Request.
  Time since last request: 0.004052 seconds.
  path: Assets/Plugins/RealtimeCSG/Editor/Resources/Icons/icon_pers_grid_on.png
  artifactKey: Guid(4d53d228e1dad0e46babcb9515e6f5c0) Importer(815301076,1909f56bfc062723c751e8b465ee728b)
Start importing Assets/Plugins/RealtimeCSG/Editor/Resources/Icons/icon_pers_grid_on.png using Guid(4d53d228e1dad0e46babcb9515e6f5c0) Importer(815301076,1909f56bfc062723c751e8b465ee728b) (PreviewImporter) -> (artifact id: '12ec450f776cb0cc6fd943663f9681d9') in 0.0078566 seconds
Number of updated asset objects reloaded before import = 0Number of asset objects unloaded after import = 2

========================================================================
Received Import Request.
  Time since last request: 0.000058 seconds.
  path: Assets/Plugins/RealtimeCSG/Editor/Resources/Icons/icon_pers_nosnap.png
  artifactKey: Guid(388150109454cba489133bced2580e65) Importer(815301076,1909f56bfc062723c751e8b465ee728b)
Start importing Assets/Plugins/RealtimeCSG/Editor/Resources/Icons/icon_pers_nosnap.png using Guid(388150109454cba489133bced2580e65) Importer(815301076,1909f56bfc062723c751e8b465ee728b) (PreviewImporter) -> (artifact id: '1cd0853832f1fe8158d67e60c66d8f17') in 0.007886 seconds
Number of updated asset objects reloaded before import = 0Number of asset objects unloaded after import = 2

========================================================================
Received Import Request.
  Time since last request: 0.616956 seconds.
  path: Assets/Plugins/RealtimeCSG/Editor/Resources/Icons/icon_pers_pass_through.png
  artifactKey: Guid(18a18d6bfa02d1c4b91c6785c3a16272) Importer(815301076,1909f56bfc062723c751e8b465ee728b)
Start importing Assets/Plugins/RealtimeCSG/Editor/Resources/Icons/icon_pers_pass_through.png using Guid(18a18d6bfa02d1c4b91c6785c3a16272) Importer(815301076,1909f56bfc062723c751e8b465ee728b) (PreviewImporter) -> (artifact id: '22ee3f2a408b6180b6df40839e7d9bff') in 0.0260272 seconds
Number of updated asset objects reloaded before import = 0Number of asset objects unloaded after import = 2

========================================================================
Received Import Request.
  Time since last request: 0.046215 seconds.
  path: Assets/Plugins/RealtimeCSG/Editor/Resources/Icons/icon_pers_rebuild_on.png
  artifactKey: Guid(2c8b21345908ae4498dc036b924940f6) Importer(815301076,1909f56bfc062723c751e8b465ee728b)
Start importing Assets/Plugins/RealtimeCSG/Editor/Resources/Icons/icon_pers_rebuild_on.png using Guid(2c8b21345908ae4498dc036b924940f6) Importer(815301076,1909f56bfc062723c751e8b465ee728b) (PreviewImporter) -> (artifact id: 'b2548d816c27e24166e8cda5e5f4c043') in 0.0071904 seconds
Number of updated asset objects reloaded before import = 0Number of asset objects unloaded after import = 2

========================================================================
Received Import Request.
  Time since last request: 0.000020 seconds.
  path: Assets/Plugins/RealtimeCSG/Editor/Resources/Icons/icon_pers_relsnap.png
  artifactKey: Guid(d6c90a10d2365dd449886923505bcaf1) Importer(815301076,1909f56bfc062723c751e8b465ee728b)
Start importing Assets/Plugins/RealtimeCSG/Editor/Resources/Icons/icon_pers_relsnap.png using Guid(d6c90a10d2365dd449886923505bcaf1) Importer(815301076,1909f56bfc062723c751e8b465ee728b) (PreviewImporter) -> (artifact id: '416333f5535c32aca6e78f492daf9830') in 0.0088847 seconds
Number of updated asset objects reloaded before import = 0Number of asset objects unloaded after import = 2

========================================================================
Received Import Request.
  Time since last request: 0.005746 seconds.
  path: Assets/Plugins/RealtimeCSG/Editor/Resources/Icons/icon_pers_snapping.png
  artifactKey: Guid(5082c7733f9f9294abd3d2ca42d6e616) Importer(815301076,1909f56bfc062723c751e8b465ee728b)
Start importing Assets/Plugins/RealtimeCSG/Editor/Resources/Icons/icon_pers_snapping.png using Guid(5082c7733f9f9294abd3d2ca42d6e616) Importer(815301076,1909f56bfc062723c751e8b465ee728b) (PreviewImporter) -> (artifact id: '41f8e6c4d0c18e338335c790e4cc3c70') in 0.0095931 seconds
Number of updated asset objects reloaded before import = 0Number of asset objects unloaded after import = 2

========================================================================
Received Import Request.
  Time since last request: 0.000073 seconds.
  path: Assets/Plugins/RealtimeCSG/Editor/Resources/Icons/icon_pers_relsnap_on.png
  artifactKey: Guid(11b16deb9dbaea64abf0a29c879cd91d) Importer(815301076,1909f56bfc062723c751e8b465ee728b)
Start importing Assets/Plugins/RealtimeCSG/Editor/Resources/Icons/icon_pers_relsnap_on.png using Guid(11b16deb9dbaea64abf0a29c879cd91d) Importer(815301076,1909f56bfc062723c751e8b465ee728b) (PreviewImporter) -> (artifact id: '0e3c9ec10aebee6ad0cf68977486e24a') in 0.0106761 seconds
Number of updated asset objects reloaded before import = 0Number of asset objects unloaded after import = 2

========================================================================
Received Import Request.
  Time since last request: 0.000065 seconds.
  path: Assets/Plugins/RealtimeCSG/Editor/Resources/Icons/icon_pers_remove_front.png
  artifactKey: Guid(5d4e21cb6039fa14684ab68939a224d2) Importer(815301076,1909f56bfc062723c751e8b465ee728b)
Start importing Assets/Plugins/RealtimeCSG/Editor/Resources/Icons/icon_pers_remove_front.png using Guid(5d4e21cb6039fa14684ab68939a224d2) Importer(815301076,1909f56bfc062723c751e8b465ee728b) (PreviewImporter) -> (artifact id: 'aea4a264eeb38bb9248c97034e3882cb') in 0.0074263 seconds
Number of updated asset objects reloaded before import = 0Number of asset objects unloaded after import = 2

========================================================================
Received Import Request.
  Time since last request: 0.027037 seconds.
  path: Assets/Plugins/RealtimeCSG/Editor/Resources/Icons/icon_pers_split.png
  artifactKey: Guid(eecaa0e0be3a7a8429f3d41a704f15ed) Importer(815301076,1909f56bfc062723c751e8b465ee728b)
Start importing Assets/Plugins/RealtimeCSG/Editor/Resources/Icons/icon_pers_split.png using Guid(eecaa0e0be3a7a8429f3d41a704f15ed) Importer(815301076,1909f56bfc062723c751e8b465ee728b) (PreviewImporter) -> (artifact id: '6dbb1a089e555fb80021e78685f7fa22') in 0.0077234 seconds
Number of updated asset objects reloaded before import = 0Number of asset objects unloaded after import = 2

========================================================================
Received Import Request.
  Time since last request: 0.302483 seconds.
  path: Assets/Plugins/RealtimeCSG/Editor/Resources/Icons/icon_pers_wireframe_on.png
  artifactKey: Guid(4d84ea519e203d143998b5dcadfd3f12) Importer(815301076,1909f56bfc062723c751e8b465ee728b)
Start importing Assets/Plugins/RealtimeCSG/Editor/Resources/Icons/icon_pers_wireframe_on.png using Guid(4d84ea519e203d143998b5dcadfd3f12) Importer(815301076,1909f56bfc062723c751e8b465ee728b) (PreviewImporter) -> (artifact id: 'c7b7c3270f4930f144045e49ffcb9346') in 0.0114539 seconds
Number of updated asset objects reloaded before import = 0Number of asset objects unloaded after import = 2

========================================================================
Received Import Request.
  Time since last request: 0.061922 seconds.
  path: Assets/Plugins/RealtimeCSG/Editor/Resources/Icons/icon_pro_csg_intersection_small.png
  artifactKey: Guid(78ab98ba173ce9d4388492b156a53e3e) Importer(815301076,1909f56bfc062723c751e8b465ee728b)
Start importing Assets/Plugins/RealtimeCSG/Editor/Resources/Icons/icon_pro_csg_intersection_small.png using Guid(78ab98ba173ce9d4388492b156a53e3e) Importer(815301076,1909f56bfc062723c751e8b465ee728b) (PreviewImporter) -> (artifact id: '165f8af6290aab72e17533f9625312f8') in 0.0080596 seconds
Number of updated asset objects reloaded before import = 0Number of asset objects unloaded after import = 2

========================================================================
Received Import Request.
  Time since last request: 0.002317 seconds.
  path: Assets/Plugins/RealtimeCSG/Editor/Resources/Icons/icon_pro_csg_subtraction_small.png
  artifactKey: Guid(be20105e756df664db20decfbf2de1b5) Importer(815301076,1909f56bfc062723c751e8b465ee728b)
Start importing Assets/Plugins/RealtimeCSG/Editor/Resources/Icons/icon_pro_csg_subtraction_small.png using Guid(be20105e756df664db20decfbf2de1b5) Importer(815301076,1909f56bfc062723c751e8b465ee728b) (PreviewImporter) -> (artifact id: '1f3809396cd15414fcc75dcc3237a3cd') in 0.0087618 seconds
Number of updated asset objects reloaded before import = 0Number of asset objects unloaded after import = 2

========================================================================
Received Import Request.
  Time since last request: 0.000017 seconds.
  path: Assets/Plugins/RealtimeCSG/Editor/Resources/Icons/icon_pro_gridsnap_on.png
  artifactKey: Guid(7068243b964537d41bf9df5b2234bdff) Importer(815301076,1909f56bfc062723c751e8b465ee728b)
Start importing Assets/Plugins/RealtimeCSG/Editor/Resources/Icons/icon_pro_gridsnap_on.png using Guid(7068243b964537d41bf9df5b2234bdff) Importer(815301076,1909f56bfc062723c751e8b465ee728b) (PreviewImporter) -> (artifact id: 'd823a858d350191647b67663fba8c266') in 0.0104655 seconds
Number of updated asset objects reloaded before import = 0Number of asset objects unloaded after import = 2

========================================================================
Received Import Request.
  Time since last request: 0.000277 seconds.
  path: Assets/Plugins/RealtimeCSG/Editor/Resources/Icons/icon_pro_gridsnap.png
  artifactKey: Guid(835df93015a367641961e8588adaf587) Importer(815301076,1909f56bfc062723c751e8b465ee728b)
Start importing Assets/Plugins/RealtimeCSG/Editor/Resources/Icons/icon_pro_gridsnap.png using Guid(835df93015a367641961e8588adaf587) Importer(815301076,1909f56bfc062723c751e8b465ee728b) (PreviewImporter) -> (artifact id: 'bcde3cc500d2ba0c6f98b9cc5d3574b3') in 0.0085372 seconds
Number of updated asset objects reloaded before import = 0Number of asset objects unloaded after import = 2

========================================================================
Received Import Request.
  Time since last request: 0.000021 seconds.
  path: Assets/Plugins/RealtimeCSG/Editor/Resources/Icons/icon_pro_pass_through.png
  artifactKey: Guid(6f3ee61f9659c3f4091ebbe2770da37b) Importer(815301076,1909f56bfc062723c751e8b465ee728b)
Start importing Assets/Plugins/RealtimeCSG/Editor/Resources/Icons/icon_pro_pass_through.png using Guid(6f3ee61f9659c3f4091ebbe2770da37b) Importer(815301076,1909f56bfc062723c751e8b465ee728b) (PreviewImporter) -> (artifact id: 'f03419b0d0e916d65374f7381663b5a0') in 0.006544 seconds
Number of updated asset objects reloaded before import = 0Number of asset objects unloaded after import = 2

========================================================================
Received Import Request.
  Time since last request: 0.000077 seconds.
  path: Assets/Plugins/RealtimeCSG/Editor/Resources/Icons/icon_pro_csg_subtraction_small_on.png
  artifactKey: Guid(b39c886fc3e116041aca05c116016ed8) Importer(815301076,1909f56bfc062723c751e8b465ee728b)
Start importing Assets/Plugins/RealtimeCSG/Editor/Resources/Icons/icon_pro_csg_subtraction_small_on.png using Guid(b39c886fc3e116041aca05c116016ed8) Importer(815301076,1909f56bfc062723c751e8b465ee728b) (PreviewImporter) -> (artifact id: 'ff7b524d61cc1a207785e8a801704381') in 0.0068943 seconds
Number of updated asset objects reloaded before import = 0Number of asset objects unloaded after import = 2

========================================================================
Received Import Request.
  Time since last request: 0.262359 seconds.
  path: Assets/Plugins/RealtimeCSG/Editor/Resources/Icons/icon_pro_rebuild.png
  artifactKey: Guid(7f01f16dbc2b78143a42103ae832ffba) Importer(815301076,1909f56bfc062723c751e8b465ee728b)
Start importing Assets/Plugins/RealtimeCSG/Editor/Resources/Icons/icon_pro_rebuild.png using Guid(7f01f16dbc2b78143a42103ae832ffba) Importer(815301076,1909f56bfc062723c751e8b465ee728b) (PreviewImporter) -> (artifact id: '8b2a76578d7cb95ec3287eb55e2c35cc') in 0.0149248 seconds
Number of updated asset objects reloaded before import = 0Number of asset objects unloaded after import = 2

========================================================================
Received Import Request.
  Time since last request: 15.991664 seconds.
  path: Assets/Plugins/RealtimeCSG/Editor/Resources/Icons/icon_pro_remove_behind_on.png
  artifactKey: Guid(936a665cce891d3488b375cca6e98f98) Importer(815301076,1909f56bfc062723c751e8b465ee728b)
Start importing Assets/Plugins/RealtimeCSG/Editor/Resources/Icons/icon_pro_remove_behind_on.png using Guid(936a665cce891d3488b375cca6e98f98) Importer(815301076,1909f56bfc062723c751e8b465ee728b) (PreviewImporter) -> (artifact id: '833a51423631bffbfc92461cc1d49e80') in 0.009973 seconds
Number of updated asset objects reloaded before import = 0Number of asset objects unloaded after import = 2

========================================================================
Received Import Request.
  Time since last request: 0.000104 seconds.
  path: Assets/Plugins/RealtimeCSG/Editor/Resources/Icons/icon_pro_remove_front_on.png
  artifactKey: Guid(9462baa0ec228884bb8dfaf5ee00fd8f) Importer(815301076,1909f56bfc062723c751e8b465ee728b)
Start importing Assets/Plugins/RealtimeCSG/Editor/Resources/Icons/icon_pro_remove_front_on.png using Guid(9462baa0ec228884bb8dfaf5ee00fd8f) Importer(815301076,1909f56bfc062723c751e8b465ee728b) (PreviewImporter) -> (artifact id: '42cf3d6bd77886c50e0ca91848276a91') in 0.0109109 seconds
Number of updated asset objects reloaded before import = 0Number of asset objects unloaded after import = 2

========================================================================
Received Import Request.
  Time since last request: 0.000020 seconds.
  path: Assets/Plugins/RealtimeCSG/Editor/Resources/Icons/icon_pro_snapping_on.png
  artifactKey: Guid(fa842e4706f6fed41a57a3d65327c982) Importer(815301076,1909f56bfc062723c751e8b465ee728b)
Start importing Assets/Plugins/RealtimeCSG/Editor/Resources/Icons/icon_pro_snapping_on.png using Guid(fa842e4706f6fed41a57a3d65327c982) Importer(815301076,1909f56bfc062723c751e8b465ee728b) (PreviewImporter) -> (artifact id: '06f47e242b757e404ee6a8ecc7b0c9bc') in 0.0086055 seconds
Number of updated asset objects reloaded before import = 0Number of asset objects unloaded after import = 2

========================================================================
Received Import Request.
  Time since last request: 0.000111 seconds.
  path: Assets/Plugins/RealtimeCSG/Editor/Resources/Icons/icon_pro_split.png
  artifactKey: Guid(5149fa897e9ee424e97ac86ba35a68e7) Importer(815301076,1909f56bfc062723c751e8b465ee728b)
Start importing Assets/Plugins/RealtimeCSG/Editor/Resources/Icons/icon_pro_split.png using Guid(5149fa897e9ee424e97ac86ba35a68e7) Importer(815301076,1909f56bfc062723c751e8b465ee728b) (PreviewImporter) -> (artifact id: 'da9ef0b26c8341b2a758c2a8fc0f20b6') in 0.01031 seconds
Number of updated asset objects reloaded before import = 0Number of asset objects unloaded after import = 2

========================================================================
Received Import Request.
  Time since last request: 0.000026 seconds.
  path: Assets/Plugins/RealtimeCSG/Editor/Resources/Icons/icon_pro_snapping.png
  artifactKey: Guid(1252603026a4ade49bafc5f84ccbf828) Importer(815301076,1909f56bfc062723c751e8b465ee728b)
Start importing Assets/Plugins/RealtimeCSG/Editor/Resources/Icons/icon_pro_snapping.png using Guid(1252603026a4ade49bafc5f84ccbf828) Importer(815301076,1909f56bfc062723c751e8b465ee728b) (PreviewImporter) -> (artifact id: 'fa10e8c689fd1524a1e3765b5ad5ada4') in 0.0111224 seconds
Number of updated asset objects reloaded before import = 0Number of asset objects unloaded after import = 2

Editor requested this worker to shutdown with reason: Scaling down because of idle timeout
AssetImportWorker is now disconnected from the server
Process exiting
Exiting without the bug reporter. Application will terminate with return code 0